<?xml version="1.0" encoding="UTF-8"?>
<!-- Generated by org.testng.reporters.JUnitXMLReporter -->
<testsuite hostname="DESKTOP-MDH6837" ignored="0" name="Test" tests="3" failures="1" timestamp="15 Sep 2019 07:33:05 GMT" time="1.956" errors="0">
  <testcase name="LoginTestCases" time="0.199" classname="com.javabykiran.DataProviderEx"/>
  <testcase name="LoginTestCases" time="0.209" classname="com.javabykiran.DataProviderEx"/>
  <testcase name="LoginTestCases" time="0.94" classname="com.javabykiran.DataProviderEx">
    <failure type="java.lang.AssertionError" message="expected [AdminLTE 2 | Dashboard 11] but found [JavaByKiran | Dashboard]">
      <![CDATA[java.lang.AssertionError: expected [AdminLTE 2 | Dashboard 11] but found [JavaByKiran | Dashboard]
at com.javabykiran.DataProviderEx.LoginTestCases(DataProviderEx.java:66)
... Removed 31 stack frames]]>
    </failure>
  </testcase> <!-- LoginTestCases -->
</testsuite> <!-- Test -->
